{"/home/sannimichaelse/Desktop/tomiwalabs/Andela/bootcamper/parcel-delivery/server/dummy/index.js": {"path":"/home/sannimichaelse/Desktop/tomiwalabs/Andela/bootcamper/parcel-delivery/server/dummy/index.js","statementMap":{"0":{"start":{"line":1,"column":18},"end":{"line":1,"column":0}}},"fnMap":{},"branchMap":{},"s":{"0":1},"f":{},"b":{}}
,"/home/sannimichaelse/Desktop/tomiwalabs/Andela/bootcamper/parcel-delivery/server/middlewares/dummyMiddleware.js": {"path":"/home/sannimichaelse/Desktop/tomiwalabs/Andela/bootcamper/parcel-delivery/server/middlewares/dummyMiddleware.js","statementMap":{"0":{"start":{"line":1,"column":0},"end":{"line":null,"column":-1}},"1":{"start":{"line":2,"column":0},"end":{"line":null,"column":-1}},"2":{"start":{"line":18,"column":4},"end":{"line":null,"column":-1}},"3":{"start":{"line":19,"column":12},"end":{"line":null,"column":-1}},"4":{"start":{"line":21,"column":8},"end":{"line":null,"column":-1}}},"fnMap":{"0":{"name":"(anonymous_8)","decl":{"start":{"line":19,"column":12},"end":{"line":null,"column":-1}},"loc":{"start":{"line":19,"column":12},"end":{"line":18,"column":4}}},"1":{"name":"(anonymous_9)","decl":{"start":{"line":20,"column":13},"end":{"line":20,"column":13}},"loc":{"start":{"line":20,"column":22},"end":{"line":18,"column":4}}}},"branchMap":{},"s":{"0":1,"1":1,"2":4,"3":2,"4":2},"f":{"0":2,"1":2},"b":{}}
,"/home/sannimichaelse/Desktop/tomiwalabs/Andela/bootcamper/parcel-delivery/server/models/dummyModel.js": {"path":"/home/sannimichaelse/Desktop/tomiwalabs/Andela/bootcamper/parcel-delivery/server/models/dummyModel.js","statementMap":{"0":{"start":{"line":1,"column":0},"end":{"line":null,"column":-1}},"1":{"start":{"line":3,"column":13},"end":{"line":3,"column":0}},"2":{"start":{"line":6,"column":17},"end":{"line":6,"column":0}},"3":{"start":{"line":9,"column":15},"end":{"line":9,"column":0}},"4":{"start":{"line":12,"column":17},"end":{"line":12,"column":0}},"5":{"start":{"line":15,"column":21},"end":{"line":15,"column":0}},"6":{"start":{"line":18,"column":26},"end":{"line":18,"column":0}},"7":{"start":{"line":21,"column":19},"end":{"line":21,"column":0}},"8":{"start":{"line":24,"column":23},"end":{"line":24,"column":0}},"9":{"start":{"line":27,"column":21},"end":{"line":27,"column":0}},"10":{"start":{"line":31,"column":20},"end":{"line":31,"column":0}}},"fnMap":{},"branchMap":{},"s":{"0":1,"1":1,"2":1,"3":1,"4":1,"5":1,"6":1,"7":1,"8":1,"9":1,"10":1},"f":{},"b":{}}
}
