TN:
SF:/home/sannimichaelse/Desktop/tomiwalabs/Andela/bootcamper/parcel-delivery/server/dummy/index.js
FNF:0
FNH:0
DA:1,1
LF:1
LH:1
BRF:0
BRH:0
end_of_record
TN:
SF:/home/sannimichaelse/Desktop/tomiwalabs/Andela/bootcamper/parcel-delivery/server/middlewares/dummyMiddleware.js
FN:19,(anonymous_8)
FN:20,(anonymous_9)
FNF:2
FNH:2
FNDA:2,(anonymous_8)
FNDA:2,(anonymous_9)
DA:1,1
DA:2,1
DA:18,4
DA:19,2
DA:21,2
LF:5
LH:5
BRF:0
BRH:0
end_of_record
TN:
SF:/home/sannimichaelse/Desktop/tomiwalabs/Andela/bootcamper/parcel-delivery/server/models/dummyModel.js
FNF:0
FNH:0
DA:1,1
DA:3,1
DA:6,1
DA:9,1
DA:12,1
DA:15,1
DA:18,1
DA:21,1
DA:24,1
DA:27,1
DA:31,1
LF:11
LH:11
BRF:0
BRH:0
end_of_record
